Reading netlist file: "D:\Software\Gowin\Gowin_project\FFT_tst\impl\gwsynthesis\led_flash.vg"
Parsing netlist file "D:\Software\Gowin\Gowin_project\FFT_tst\impl\gwsynthesis\led_flash.vg" completed
Processing netlist completed
Reading constraint file: "D:\Software\Gowin\Gowin_project\FFT_tst\src\led_flash.cst"
Physical Constraint parsed completed
Running placement......
[10%] Placement Phase 0 completed
[20%] Placement Phase 1 completed
[30%] Placement Phase 2 completed
WARN  (TA1132) :  'I2S_BCLK' was determined to be a clock but was not created.
WARN  (TA1132) :  'I2S_DACLRC' was determined to be a clock but was not created.
WARN  (TA1132) :  'audio_clk' was determined to be a clock but was not created.
[50%] Placement Phase 3 completed
Running routing......
[60%] Routing Phase 0 completed
[70%] Routing Phase 1 completed
[80%] Routing Phase 2 completed
WARN  (PR1014) : Generic routing resource will be used to clock signal 'I2S_DACLRC_d' by the specified constraint. And then it may lead to the excessive delay or skew
[90%] Routing Phase 3 completed
Running timing analysis......
[95%] Timing analysis completed
Placement and routing completed
Bitstream generation in progress......
Bitstream generation completed
Running power analysis......
[100%] Power analysis completed
Generate file "D:\Software\Gowin\Gowin_project\FFT_tst\impl\pnr\led_flash.power.html" completed
Generate file "D:\Software\Gowin\Gowin_project\FFT_tst\impl\pnr\led_flash.pin.html" completed
Generate file "D:\Software\Gowin\Gowin_project\FFT_tst\impl\pnr\led_flash.rpt.html" completed
Generate file "D:\Software\Gowin\Gowin_project\FFT_tst\impl\pnr\led_flash.rpt.txt" completed
Generate file "D:\Software\Gowin\Gowin_project\FFT_tst\impl\pnr\led_flash.tr.html" completed
Tue Nov 12 09:34:53 2024

